app/build/intermediates/manifest_merge_blame_file/release/manifest-merger-blame-release-report.txt
1<?xml version="1.0" encoding="utf-8"?>
2<manifest xmlns:android="http://schemas.android.com/apk/res/android"
3    package="com.tamimattafi.mydebts"
4    android:versionCode="1"
5    android:versionName="1.0" >
6
7    <uses-sdk
8        android:minSdkVersion="23"
8-->src\main\AndroidManifest.xml
9        android:targetSdkVersion="29" />
9-->src\main\AndroidManifest.xml
10
11    <uses-permission android:name="android.permission.VIBRATE" />
11-->[com.wdullaer:materialdatetimepicker:4.2.3] AndroidManifest.xml:26:5-66
11-->[com.wdullaer:materialdatetimepicker:4.2.3] AndroidManifest.xml:26:22-63
12
13    <application
13-->src\main\AndroidManifest.xml:6:5-26:19
14        android:name="com.tamimattafi.mydebts.Application"
14-->src\main\AndroidManifest.xml:7:9-59
15        android:allowBackup="false"
15-->src\main\AndroidManifest.xml:8:9-36
16        android:appComponentFactory="androidx.core.app.CoreComponentFactory"
16-->[androidx.core:core:1.1.0] AndroidManifest.xml:24:18-86
17        android:icon="@mipmap/ic_launcher"
17-->src\main\AndroidManifest.xml:9:9-43
18        android:label="@string/app_name"
18-->src\main\AndroidManifest.xml:10:9-41
19        android:largeHeap="true"
19-->src\main\AndroidManifest.xml:13:9-33
20        android:roundIcon="@mipmap/ic_launcher_round"
20-->src\main\AndroidManifest.xml:11:9-54
21        android:supportsRtl="true"
21-->src\main\AndroidManifest.xml:12:9-35
22        android:theme="@style/SplashTheme" >
22-->src\main\AndroidManifest.xml:14:9-43
23        <activity
23-->src\main\AndroidManifest.xml:16:9-25:20
24            android:name="com.tamimattafi.mydebts.ui.MainActivity"
24-->src\main\AndroidManifest.xml:17:13-67
25            android:configChanges="orientation|keyboardHidden|screenSize"
25-->src\main\AndroidManifest.xml:18:13-74
26            android:windowSoftInputMode="stateHidden|adjustResize" >
26-->src\main\AndroidManifest.xml:19:13-67
27            <intent-filter>
27-->src\main\AndroidManifest.xml:20:13-24:29
28                <action android:name="android.intent.action.MAIN" />
28-->src\main\AndroidManifest.xml:21:17-69
28-->src\main\AndroidManifest.xml:21:25-66
29
30                <category android:name="android.intent.category.LAUNCHER" />
30-->src\main\AndroidManifest.xml:23:17-77
30-->src\main\AndroidManifest.xml:23:27-74
31            </intent-filter>
32        </activity>
33
34        <service
34-->[androidx.room:room-runtime:2.2.3] AndroidManifest.xml:25:9-27:40
35            android:name="androidx.room.MultiInstanceInvalidationService"
35-->[androidx.room:room-runtime:2.2.3] AndroidManifest.xml:26:13-74
36            android:exported="false" />
36-->[androidx.room:room-runtime:2.2.3] AndroidManifest.xml:27:13-37
37    </application>
38
39</manifest>